<?xml version="1.0" encoding="UTF-8"?>
<testsuite name="is.gens.tictactoe.BoardTest" tests="1" skipped="0" failures="0" errors="0" timestamp="2016-10-29T21:37:43" hostname="Surface" time="0.016">
  <properties/>
  <testcase name="displayEmptyBoard" classname="is.gens.tictactoe.BoardTest" time="0.016"/>
  <system-out><![CDATA[?
?
?
?
?
?
?
?
?
]]></system-out>
  <system-err><![CDATA[]]></system-err>
</testsuite>
